Using pre-set license
Built from '2020.2/release' branch; Version is '2020.2.2f1 (068178b99f32) revision 426360'; Using compiler version '192528614'; Build Type 'Release'
OS: 'Windows 10 Enterprise; OS build 18363.1500; Version 1909; 64bit' Language: 'en' Physical Memory: 16304 MB
BatchMode: 1, IsHumanControllingUs: 0, StartBugReporterOnCrash: 0, Is64bit: 1, IsPro: 0

 COMMAND LINE ARGUMENTS:
C:\Program Files\Unity\Hub\Editor\2020.2.2f1\Editor\Unity.exe
-adb2
-batchMode
-noUpm
-name
AssetImportWorker0
-projectPath
C:/Users/cleon.huang/Documents/GitHub/2D Doodle Jump
-logFile
Logs/AssetImportWorker0.log
-srvPort
58879
Successfully changed project path to: C:/Users/cleon.huang/Documents/GitHub/2D Doodle Jump
C:/Users/cleon.huang/Documents/GitHub/2D Doodle Jump
Using Asset Import Pipeline V2.
Refreshing native plugins compatible for Editor in 36.04 ms, found 1 plugins.
Preloading 0 native plugins for Editor in 0.00 ms.
Initialize engine version: 2020.2.2f1 (068178b99f32)
[Subsystems] Discovering subsystems at path C:/Program Files/Unity/Hub/Editor/2020.2.2f1/Editor/Data/Resources/UnitySubsystems
[Subsystems] Discovering subsystems at path C:/Users/cleon.huang/Documents/GitHub/2D Doodle Jump/Assets
GfxDevice: creating device client; threaded=0
Direct3D:
    Version:  Direct3D 11.0 [level 11.0]
    Renderer: NVIDIA Quadro K2200  (ID=0x13ba)
    Vendor:   
    VRAM:     4035 MB
    Driver:   10.18.13.5362
Initialize mono
Mono path[0] = 'C:/Program Files/Unity/Hub/Editor/2020.2.2f1/Editor/Data/Managed'
Mono path[1] = 'C:/Program Files/Unity/Hub/Editor/2020.2.2f1/Editor/Data/MonoBleedingEdge/lib/mono/unityjit'
Mono config path = 'C:/Program Files/Unity/Hub/Editor/2020.2.2f1/Editor/Data/MonoBleedingEdge/etc'
Using monoOptions --debugger-agent=transport=dt_socket,embedding=1,server=y,suspend=n,address=127.0.0.1:56400
Begin MonoManager ReloadAssembly
Registering precompiled unity dll's ...
Register platform support module: C:/Program Files/Unity/Hub/Editor/2020.2.2f1/Editor/Data/PlaybackEngines/WindowsStandaloneSupport/UnityEditor.WindowsStandalone.Extensions.dll
Registered in 0.001469 seconds.
Native extension for WindowsStandalone target not found
Refreshing native plugins compatible for Editor in 33.15 ms, found 1 plugins.
Preloading 0 native plugins for Editor in 0.00 ms.
Invoked RoslynAnalysisRunner static constructor.
RoslynAnalysisRunner will not be running.
RoslynAnalysisRunner has terminated.
Mono: successfully reloaded assembly
- Completed reload, in  0.894 seconds
Platform modules already initialized, skipping
Registering precompiled user dll's ...
Registered in 0.000817 seconds.
Begin MonoManager ReloadAssembly
Native extension for WindowsStandalone target not found
Refreshing native plugins compatible for Editor in 35.18 ms, found 1 plugins.
Preloading 0 native plugins for Editor in 0.00 ms.
Invoked RoslynAnalysisRunner static constructor.
RoslynAnalysisRunner will not be running.
RoslynAnalysisRunner has terminated.
Mono: successfully reloaded assembly
- Completed reload, in  0.874 seconds
Platform modules already initialized, skipping
========================================================================
Worker process is ready to serve import requests
Launched and connected shader compiler UnityShaderCompiler.exe after 0.05 seconds
Refreshing native plugins compatible for Editor in 0.37 ms, found 1 plugins.
Preloading 0 native plugins for Editor in 0.00 ms.
Unloading 1792 Unused Serialized files (Serialized files now loaded: 0)
System memory in use before: 84.2 MB.
System memory in use after: 84.1 MB.

Unloading 24 unused Assets to reduce memory usage. Loaded Objects now: 2233.
Total: 2.071600 ms (FindLiveObjects: 0.176500 ms CreateObjectMapping: 0.058800 ms MarkObjects: 1.672000 ms  DeleteObjects: 0.163500 ms)

========================================================================
Received Import Request.
  path: Assets
  artifactKey: Guid(00000000000000001000000000000000) Importer(815301076,1909f56bfc062723c751e8b465ee728b)
Start importing Assets using Guid(00000000000000001000000000000000) Importer(815301076,1909f56bfc062723c751e8b465ee728b)  -> (artifact id: '4a6e520b92ccfc61bcfa21a7bcab8468') in 0.012870 seconds
  Import took 0.017254 seconds .

========================================================================
Received Import Request.
  Time since last request: 4.347540 seconds.
  path: Assets/2D Doodle Jump
  artifactKey: Guid(726e1d0547a45654ba29f7e419e5f140) Importer(815301076,1909f56bfc062723c751e8b465ee728b)
Start importing Assets/2D Doodle Jump using Guid(726e1d0547a45654ba29f7e419e5f140) Importer(815301076,1909f56bfc062723c751e8b465ee728b)  -> (artifact id: 'b0ce4515ce6cc9337d26d3d563b20ee3') in 0.007268 seconds
  Import took 0.010003 seconds .

========================================================================
Received Import Request.
  Time since last request: 8.559221 seconds.
  path: Assets/2D Doodle Jump/NewBehaviourScript.cs
  artifactKey: Guid(9c2e1fa6a63a2c540822e171d68d40ac) Importer(815301076,1909f56bfc062723c751e8b465ee728b)
Start importing Assets/2D Doodle Jump/NewBehaviourScript.cs using Guid(9c2e1fa6a63a2c540822e171d68d40ac) Importer(815301076,1909f56bfc062723c751e8b465ee728b)  -> (artifact id: '1fb00e4318a7192d47b19edb42611a71') in 0.036962 seconds
  Import took 0.039653 seconds .

========================================================================
Received Import Request.
  Time since last request: 0.054597 seconds.
  path: Assets/2D Doodle Jump/NewBehaviourScript.cs
  artifactKey: Guid(9c2e1fa6a63a2c540822e171d68d40ac) Importer(815301076,1909f56bfc062723c751e8b465ee728b)
Start importing Assets/2D Doodle Jump/NewBehaviourScript.cs using Guid(9c2e1fa6a63a2c540822e171d68d40ac) Importer(815301076,1909f56bfc062723c751e8b465ee728b)  -> (artifact id: '1fb00e4318a7192d47b19edb42611a71') in 0.003099 seconds
  Import took 0.006633 seconds .

========================================================================
Received Prepare
Registering precompiled user dll's ...
Registered in 0.000732 seconds.
Begin MonoManager ReloadAssembly
Native extension for WindowsStandalone target not found
Refreshing native plugins compatible for Editor in 0.32 ms, found 1 plugins.
Preloading 0 native plugins for Editor in 0.00 ms.
Invoked RoslynAnalysisRunner static constructor.
RoslynAnalysisRunner will not be running.
RoslynAnalysisRunner has terminated.
Mono: successfully reloaded assembly
- Completed reload, in  0.787 seconds
Platform modules already initialized, skipping
Refreshing native plugins compatible for Editor in 0.60 ms, found 1 plugins.
Preloading 0 native plugins for Editor in 0.00 ms.
Unloading 1788 Unused Serialized files (Serialized files now loaded: 0)
System memory in use before: 84.2 MB.
System memory in use after: 84.2 MB.

Unloading 12 unused Assets to reduce memory usage. Loaded Objects now: 2237.
Total: 4.903900 ms (FindLiveObjects: 0.303200 ms CreateObjectMapping: 0.118000 ms MarkObjects: 4.307700 ms  DeleteObjects: 0.172900 ms)

========================================================================
Received Import Request.
  Time since last request: 3.565918 seconds.
  path: Assets/2D Doodle Jump/Scenes
  artifactKey: Guid(394947f3afeba1b4d9a6dbeafb945ace) Importer(815301076,1909f56bfc062723c751e8b465ee728b)
Start importing Assets/2D Doodle Jump/Scenes using Guid(394947f3afeba1b4d9a6dbeafb945ace) Importer(815301076,1909f56bfc062723c751e8b465ee728b)  -> (artifact id: '291cf439cd8445fa8e406458e528dd76') in 0.013561 seconds
  Import took 0.018500 seconds .

========================================================================
Received Prepare
Registering precompiled user dll's ...
Registered in 0.000821 seconds.
Begin MonoManager ReloadAssembly
Native extension for WindowsStandalone target not found
Refreshing native plugins compatible for Editor in 0.38 ms, found 1 plugins.
Preloading 0 native plugins for Editor in 0.00 ms.
Invoked RoslynAnalysisRunner static constructor.
RoslynAnalysisRunner will not be running.
RoslynAnalysisRunner has terminated.
Mono: successfully reloaded assembly
- Completed reload, in  0.775 seconds
Platform modules already initialized, skipping
Refreshing native plugins compatible for Editor in 0.33 ms, found 1 plugins.
Preloading 0 native plugins for Editor in 0.00 ms.
Unloading 1787 Unused Serialized files (Serialized files now loaded: 0)
System memory in use before: 84.3 MB.
System memory in use after: 84.3 MB.

Unloading 13 unused Assets to reduce memory usage. Loaded Objects now: 2239.
Total: 2.171500 ms (FindLiveObjects: 0.187600 ms CreateObjectMapping: 0.083000 ms MarkObjects: 1.794000 ms  DeleteObjects: 0.105800 ms)

========================================================================
Received Import Request.
  Time since last request: 8.021967 seconds.
  path: Assets/2D Doodle Jump/Scripts
  artifactKey: Guid(d5b49ec5a10fd4243985c7cd07de89f0) Importer(815301076,1909f56bfc062723c751e8b465ee728b)
Start importing Assets/2D Doodle Jump/Scripts using Guid(d5b49ec5a10fd4243985c7cd07de89f0) Importer(815301076,1909f56bfc062723c751e8b465ee728b)  -> (artifact id: '1b119a5ea12476ce289d0d6086ec1151') in 0.010272 seconds
  Import took 0.012879 seconds .

========================================================================
Received Import Request.
  Time since last request: 0.001377 seconds.
  path: Assets/2D Doodle Jump/Scripts
  artifactKey: Guid(d5b49ec5a10fd4243985c7cd07de89f0) Importer(815301076,1909f56bfc062723c751e8b465ee728b)
Start importing Assets/2D Doodle Jump/Scripts using Guid(d5b49ec5a10fd4243985c7cd07de89f0) Importer(815301076,1909f56bfc062723c751e8b465ee728b)  -> (artifact id: '1b119a5ea12476ce289d0d6086ec1151') in 0.002333 seconds
  Import took 0.005092 seconds .

========================================================================
Received Import Request.
  Time since last request: 10.162366 seconds.
  path: Assets/2D Doodle Jump/Scripts/Jumping.cs
  artifactKey: Guid(a0512a56f6883c44d9fda35a54d8c4bb) Importer(815301076,1909f56bfc062723c751e8b465ee728b)
Start importing Assets/2D Doodle Jump/Scripts/Jumping.cs using Guid(a0512a56f6883c44d9fda35a54d8c4bb) Importer(815301076,1909f56bfc062723c751e8b465ee728b)  -> (artifact id: '96e878ecf134c222ed282e13bf79edac') in 0.007409 seconds
  Import took 0.010110 seconds .

========================================================================
Received Prepare
Registering precompiled user dll's ...
Registered in 0.000811 seconds.
Begin MonoManager ReloadAssembly
Native extension for WindowsStandalone target not found
Refreshing native plugins compatible for Editor in 0.35 ms, found 1 plugins.
Preloading 0 native plugins for Editor in 0.00 ms.
Invoked RoslynAnalysisRunner static constructor.
RoslynAnalysisRunner will not be running.
RoslynAnalysisRunner has terminated.
Mono: successfully reloaded assembly
- Completed reload, in  0.796 seconds
Platform modules already initialized, skipping
Refreshing native plugins compatible for Editor in 0.71 ms, found 1 plugins.
Preloading 0 native plugins for Editor in 0.00 ms.
Unloading 1788 Unused Serialized files (Serialized files now loaded: 0)
System memory in use before: 84.4 MB.
System memory in use after: 84.4 MB.

Unloading 12 unused Assets to reduce memory usage. Loaded Objects now: 2243.
Total: 1.838000 ms (FindLiveObjects: 0.169700 ms CreateObjectMapping: 0.055200 ms MarkObjects: 1.480800 ms  DeleteObjects: 0.131400 ms)

========================================================================
Received Prepare
Registering precompiled user dll's ...
Registered in 0.001043 seconds.
Begin MonoManager ReloadAssembly
Native extension for WindowsStandalone target not found
Refreshing native plugins compatible for Editor in 0.31 ms, found 1 plugins.
Preloading 0 native plugins for Editor in 0.00 ms.
Invoked RoslynAnalysisRunner static constructor.
RoslynAnalysisRunner will not be running.
RoslynAnalysisRunner has terminated.
Mono: successfully reloaded assembly
- Completed reload, in  0.776 seconds
Platform modules already initialized, skipping
Refreshing native plugins compatible for Editor in 0.66 ms, found 1 plugins.
Preloading 0 native plugins for Editor in 0.00 ms.
Unloading 1788 Unused Serialized files (Serialized files now loaded: 0)
System memory in use before: 84.4 MB.
System memory in use after: 84.4 MB.

Unloading 12 unused Assets to reduce memory usage. Loaded Objects now: 2246.
Total: 2.071000 ms (FindLiveObjects: 0.175400 ms CreateObjectMapping: 0.065700 ms MarkObjects: 1.730500 ms  DeleteObjects: 0.098600 ms)

========================================================================
Received Import Request.
  Time since last request: 1339.172672 seconds.
  path: Assets/2D Doodle Jump/Scripts/Jumping.cs
  artifactKey: Guid(a0512a56f6883c44d9fda35a54d8c4bb) Importer(815301076,1909f56bfc062723c751e8b465ee728b)
Start importing Assets/2D Doodle Jump/Scripts/Jumping.cs using Guid(a0512a56f6883c44d9fda35a54d8c4bb) Importer(815301076,1909f56bfc062723c751e8b465ee728b)  -> (artifact id: 'b09099b6cfcdc24e3cfadbdda7316f38') in 0.012476 seconds
  Import took 0.017457 seconds .

========================================================================
Received Prepare
Registering precompiled user dll's ...
Registered in 0.001005 seconds.
Begin MonoManager ReloadAssembly
Native extension for WindowsStandalone target not found
Refreshing native plugins compatible for Editor in 0.31 ms, found 1 plugins.
Preloading 0 native plugins for Editor in 0.00 ms.
Invoked RoslynAnalysisRunner static constructor.
RoslynAnalysisRunner will not be running.
RoslynAnalysisRunner has terminated.
Mono: successfully reloaded assembly
- Completed reload, in  0.782 seconds
Platform modules already initialized, skipping
Refreshing native plugins compatible for Editor in 0.45 ms, found 1 plugins.
Preloading 0 native plugins for Editor in 0.00 ms.
Unloading 1788 Unused Serialized files (Serialized files now loaded: 0)
System memory in use before: 84.5 MB.
System memory in use after: 84.5 MB.

Unloading 12 unused Assets to reduce memory usage. Loaded Objects now: 2249.
Total: 2.037200 ms (FindLiveObjects: 0.217200 ms CreateObjectMapping: 0.105100 ms MarkObjects: 1.611500 ms  DeleteObjects: 0.101800 ms)

========================================================================
Received Import Request.
  Time since last request: 20.106300 seconds.
  path: Assets/2D Doodle Jump/Scripts/Jumping.cs
  artifactKey: Guid(a0512a56f6883c44d9fda35a54d8c4bb) Importer(815301076,1909f56bfc062723c751e8b465ee728b)
Start importing Assets/2D Doodle Jump/Scripts/Jumping.cs using Guid(a0512a56f6883c44d9fda35a54d8c4bb) Importer(815301076,1909f56bfc062723c751e8b465ee728b)  -> (artifact id: '13d68181338c8b0c77239275b018e56c') in 0.008397 seconds
  Import took 0.013391 seconds .

========================================================================
Received Prepare
Registering precompiled user dll's ...
Registered in 0.000809 seconds.
Begin MonoManager ReloadAssembly
Native extension for WindowsStandalone target not found
Refreshing native plugins compatible for Editor in 0.31 ms, found 1 plugins.
Preloading 0 native plugins for Editor in 0.00 ms.
Invoked RoslynAnalysisRunner static constructor.
RoslynAnalysisRunner will not be running.
RoslynAnalysisRunner has terminated.
Mono: successfully reloaded assembly
- Completed reload, in  0.783 seconds
Platform modules already initialized, skipping
Refreshing native plugins compatible for Editor in 0.69 ms, found 1 plugins.
Preloading 0 native plugins for Editor in 0.00 ms.
Unloading 1788 Unused Serialized files (Serialized files now loaded: 0)
System memory in use before: 84.6 MB.
System memory in use after: 84.6 MB.

Unloading 12 unused Assets to reduce memory usage. Loaded Objects now: 2252.
Total: 3.368800 ms (FindLiveObjects: 0.236600 ms CreateObjectMapping: 0.107000 ms MarkObjects: 2.866200 ms  DeleteObjects: 0.157300 ms)

========================================================================
Received Prepare
Registering precompiled user dll's ...
Registered in 0.000798 seconds.
Begin MonoManager ReloadAssembly
Native extension for WindowsStandalone target not found
Refreshing native plugins compatible for Editor in 0.34 ms, found 1 plugins.
Preloading 0 native plugins for Editor in 0.00 ms.
Invoked RoslynAnalysisRunner static constructor.
RoslynAnalysisRunner will not be running.
RoslynAnalysisRunner has terminated.
Mono: successfully reloaded assembly
- Completed reload, in  0.776 seconds
Platform modules already initialized, skipping
Refreshing native plugins compatible for Editor in 0.40 ms, found 1 plugins.
Preloading 0 native plugins for Editor in 0.00 ms.
Unloading 1788 Unused Serialized files (Serialized files now loaded: 0)
System memory in use before: 84.6 MB.
System memory in use after: 84.6 MB.

Unloading 12 unused Assets to reduce memory usage. Loaded Objects now: 2255.
Total: 2.067000 ms (FindLiveObjects: 0.229700 ms CreateObjectMapping: 0.059300 ms MarkObjects: 1.651500 ms  DeleteObjects: 0.125700 ms)

========================================================================
Received Prepare
Registering precompiled user dll's ...
Registered in 0.000749 seconds.
Begin MonoManager ReloadAssembly
Native extension for WindowsStandalone target not found
Refreshing native plugins compatible for Editor in 0.32 ms, found 1 plugins.
Preloading 0 native plugins for Editor in 0.00 ms.
Invoked RoslynAnalysisRunner static constructor.
RoslynAnalysisRunner will not be running.
RoslynAnalysisRunner has terminated.
Mono: successfully reloaded assembly
- Completed reload, in  0.784 seconds
Platform modules already initialized, skipping
Refreshing native plugins compatible for Editor in 0.34 ms, found 1 plugins.
Preloading 0 native plugins for Editor in 0.00 ms.
Unloading 1788 Unused Serialized files (Serialized files now loaded: 0)
System memory in use before: 84.7 MB.
System memory in use after: 84.7 MB.

Unloading 12 unused Assets to reduce memory usage. Loaded Objects now: 2258.
Total: 2.019800 ms (FindLiveObjects: 0.169000 ms CreateObjectMapping: 0.056900 ms MarkObjects: 1.651300 ms  DeleteObjects: 0.141900 ms)

========================================================================
Received Import Request.
  Time since last request: 175.467463 seconds.
  path: Assets/2D Doodle Jump/Scripts/Jumping.cs
  artifactKey: Guid(a0512a56f6883c44d9fda35a54d8c4bb) Importer(815301076,1909f56bfc062723c751e8b465ee728b)
Start importing Assets/2D Doodle Jump/Scripts/Jumping.cs using Guid(a0512a56f6883c44d9fda35a54d8c4bb) Importer(815301076,1909f56bfc062723c751e8b465ee728b)  -> (artifact id: '147c1b627d5ad1d481b4d9e71b30fcb8') in 0.004857 seconds
  Import took 0.007693 seconds .

========================================================================
Received Import Request.
  Time since last request: 0.001800 seconds.
  path: Assets/2D Doodle Jump/Scripts/Jumping.cs
  artifactKey: Guid(a0512a56f6883c44d9fda35a54d8c4bb) Importer(815301076,1909f56bfc062723c751e8b465ee728b)
Start importing Assets/2D Doodle Jump/Scripts/Jumping.cs using Guid(a0512a56f6883c44d9fda35a54d8c4bb) Importer(815301076,1909f56bfc062723c751e8b465ee728b)  -> (artifact id: '147c1b627d5ad1d481b4d9e71b30fcb8') in 0.002450 seconds
  Import took 0.006355 seconds .

========================================================================
Received Prepare
Registering precompiled user dll's ...
Registered in 0.000815 seconds.
Begin MonoManager ReloadAssembly
Native extension for WindowsStandalone target not found
Refreshing native plugins compatible for Editor in 0.35 ms, found 1 plugins.
Preloading 0 native plugins for Editor in 0.00 ms.
Invoked RoslynAnalysisRunner static constructor.
RoslynAnalysisRunner will not be running.
RoslynAnalysisRunner has terminated.
Mono: successfully reloaded assembly
- Completed reload, in  0.787 seconds
Platform modules already initialized, skipping
Refreshing native plugins compatible for Editor in 0.47 ms, found 1 plugins.
Preloading 0 native plugins for Editor in 0.00 ms.
Unloading 1788 Unused Serialized files (Serialized files now loaded: 0)
System memory in use before: 84.8 MB.
System memory in use after: 84.8 MB.

Unloading 12 unused Assets to reduce memory usage. Loaded Objects now: 2261.
Total: 2.176000 ms (FindLiveObjects: 0.190300 ms CreateObjectMapping: 0.067300 ms MarkObjects: 1.777300 ms  DeleteObjects: 0.139900 ms)

========================================================================
Received Import Request.
  Time since last request: 64.551845 seconds.
  path: Assets/2D Doodle Jump/Scripts/Jumping.cs
  artifactKey: Guid(a0512a56f6883c44d9fda35a54d8c4bb) Importer(815301076,1909f56bfc062723c751e8b465ee728b)
Start importing Assets/2D Doodle Jump/Scripts/Jumping.cs using Guid(a0512a56f6883c44d9fda35a54d8c4bb) Importer(815301076,1909f56bfc062723c751e8b465ee728b)  -> (artifact id: '208b41bd31628b1cbeb58e65b6b9fd42') in 0.007703 seconds
  Import took 0.011824 seconds .

========================================================================
Received Prepare
Registering precompiled user dll's ...
Registered in 0.000883 seconds.
Begin MonoManager ReloadAssembly
Native extension for WindowsStandalone target not found
Refreshing native plugins compatible for Editor in 0.32 ms, found 1 plugins.
Preloading 0 native plugins for Editor in 0.00 ms.
Invoked RoslynAnalysisRunner static constructor.
RoslynAnalysisRunner will not be running.
RoslynAnalysisRunner has terminated.
Mono: successfully reloaded assembly
- Completed reload, in  0.786 seconds
Platform modules already initialized, skipping
Refreshing native plugins compatible for Editor in 0.39 ms, found 1 plugins.
Preloading 0 native plugins for Editor in 0.00 ms.
Unloading 1788 Unused Serialized files (Serialized files now loaded: 0)
System memory in use before: 84.8 MB.
System memory in use after: 84.8 MB.

Unloading 12 unused Assets to reduce memory usage. Loaded Objects now: 2264.
Total: 1.890900 ms (FindLiveObjects: 0.210000 ms CreateObjectMapping: 0.061200 ms MarkObjects: 1.477800 ms  DeleteObjects: 0.140900 ms)

========================================================================
Received Prepare
Registering precompiled user dll's ...
Registered in 0.000788 seconds.
Begin MonoManager ReloadAssembly
Native extension for WindowsStandalone target not found
Refreshing native plugins compatible for Editor in 0.31 ms, found 1 plugins.
Preloading 0 native plugins for Editor in 0.00 ms.
Invoked RoslynAnalysisRunner static constructor.
RoslynAnalysisRunner will not be running.
RoslynAnalysisRunner has terminated.
Mono: successfully reloaded assembly
- Completed reload, in  0.809 seconds
Platform modules already initialized, skipping
Refreshing native plugins compatible for Editor in 0.70 ms, found 1 plugins.
Preloading 0 native plugins for Editor in 0.00 ms.
Unloading 1788 Unused Serialized files (Serialized files now loaded: 0)
System memory in use before: 84.9 MB.
System memory in use after: 84.9 MB.

Unloading 12 unused Assets to reduce memory usage. Loaded Objects now: 2267.
Total: 2.023800 ms (FindLiveObjects: 0.196300 ms CreateObjectMapping: 0.056100 ms MarkObjects: 1.662200 ms  DeleteObjects: 0.108200 ms)

========================================================================
Received Import Request.
  Time since last request: 354.324785 seconds.
  path: Assets/2D Doodle Jump/Scripts/Jumping.cs
  artifactKey: Guid(a0512a56f6883c44d9fda35a54d8c4bb) Importer(815301076,1909f56bfc062723c751e8b465ee728b)
Start importing Assets/2D Doodle Jump/Scripts/Jumping.cs using Guid(a0512a56f6883c44d9fda35a54d8c4bb) Importer(815301076,1909f56bfc062723c751e8b465ee728b)  -> (artifact id: 'd16e15172d4d457be1350b320dc748b9') in 0.007669 seconds
  Import took 0.011142 seconds .

========================================================================
Received Prepare
Registering precompiled user dll's ...
Registered in 0.000862 seconds.
Begin MonoManager ReloadAssembly
Native extension for WindowsStandalone target not found
Refreshing native plugins compatible for Editor in 0.36 ms, found 1 plugins.
Preloading 0 native plugins for Editor in 0.00 ms.
Invoked RoslynAnalysisRunner static constructor.
RoslynAnalysisRunner will not be running.
RoslynAnalysisRunner has terminated.
Mono: successfully reloaded assembly
- Completed reload, in  0.796 seconds
Platform modules already initialized, skipping
Refreshing native plugins compatible for Editor in 0.67 ms, found 1 plugins.
Preloading 0 native plugins for Editor in 0.00 ms.
Unloading 1788 Unused Serialized files (Serialized files now loaded: 0)
System memory in use before: 84.9 MB.
System memory in use after: 84.9 MB.

Unloading 12 unused Assets to reduce memory usage. Loaded Objects now: 2270.
Total: 2.167900 ms (FindLiveObjects: 0.300800 ms CreateObjectMapping: 0.126800 ms MarkObjects: 1.570500 ms  DeleteObjects: 0.168600 ms)

========================================================================
Received Import Request.
  Time since last request: 286.430212 seconds.
  path: Assets/2D Doodle Jump/Scripts/Jumping.cs
  artifactKey: Guid(a0512a56f6883c44d9fda35a54d8c4bb) Importer(815301076,1909f56bfc062723c751e8b465ee728b)
Start importing Assets/2D Doodle Jump/Scripts/Jumping.cs using Guid(a0512a56f6883c44d9fda35a54d8c4bb) Importer(815301076,1909f56bfc062723c751e8b465ee728b)  -> (artifact id: '11d30190cffe5e53ccef02269e5ea2bc') in 0.005700 seconds
  Import took 0.008698 seconds .

========================================================================
Received Import Request.
  Time since last request: 0.027566 seconds.
  path: Assets/2D Doodle Jump/Scripts/Jumping.cs
  artifactKey: Guid(a0512a56f6883c44d9fda35a54d8c4bb) Importer(815301076,1909f56bfc062723c751e8b465ee728b)
Start importing Assets/2D Doodle Jump/Scripts/Jumping.cs using Guid(a0512a56f6883c44d9fda35a54d8c4bb) Importer(815301076,1909f56bfc062723c751e8b465ee728b)  -> (artifact id: '11d30190cffe5e53ccef02269e5ea2bc') in 0.002437 seconds
  Import took 0.006407 seconds .

========================================================================
Received Prepare
Registering precompiled user dll's ...
Registered in 0.001321 seconds.
Begin MonoManager ReloadAssembly
Native extension for WindowsStandalone target not found
Refreshing native plugins compatible for Editor in 0.62 ms, found 1 plugins.
Preloading 0 native plugins for Editor in 0.00 ms.
Invoked RoslynAnalysisRunner static constructor.
RoslynAnalysisRunner will not be running.
RoslynAnalysisRunner has terminated.
Mono: successfully reloaded assembly
- Completed reload, in  0.877 seconds
Platform modules already initialized, skipping
Refreshing native plugins compatible for Editor in 0.33 ms, found 1 plugins.
Preloading 0 native plugins for Editor in 0.00 ms.
Unloading 1788 Unused Serialized files (Serialized files now loaded: 0)
System memory in use before: 85.0 MB.
System memory in use after: 85.0 MB.

Unloading 12 unused Assets to reduce memory usage. Loaded Objects now: 2273.
Total: 2.080600 ms (FindLiveObjects: 0.224800 ms CreateObjectMapping: 0.065200 ms MarkObjects: 1.648900 ms  DeleteObjects: 0.140700 ms)

========================================================================
Received Import Request.
  Time since last request: 178.441763 seconds.
  path: Assets/2D Doodle Jump/Scripts/Jumping.cs
  artifactKey: Guid(a0512a56f6883c44d9fda35a54d8c4bb) Importer(815301076,1909f56bfc062723c751e8b465ee728b)
Start importing Assets/2D Doodle Jump/Scripts/Jumping.cs using Guid(a0512a56f6883c44d9fda35a54d8c4bb) Importer(815301076,1909f56bfc062723c751e8b465ee728b)  -> (artifact id: '29f3cfde4d249b8eec7055254fa5511f') in 0.005059 seconds
  Import took 0.008251 seconds .

========================================================================
Received Import Request.
  Time since last request: 0.026878 seconds.
  path: Assets/2D Doodle Jump/Scripts/Jumping.cs
  artifactKey: Guid(a0512a56f6883c44d9fda35a54d8c4bb) Importer(815301076,1909f56bfc062723c751e8b465ee728b)
Start importing Assets/2D Doodle Jump/Scripts/Jumping.cs using Guid(a0512a56f6883c44d9fda35a54d8c4bb) Importer(815301076,1909f56bfc062723c751e8b465ee728b)  -> (artifact id: '29f3cfde4d249b8eec7055254fa5511f') in 0.002418 seconds
  Import took 0.006027 seconds .

========================================================================
Received Prepare
Registering precompiled user dll's ...
Registered in 0.000861 seconds.
Begin MonoManager ReloadAssembly
Native extension for WindowsStandalone target not found
Refreshing native plugins compatible for Editor in 0.30 ms, found 1 plugins.
Preloading 0 native plugins for Editor in 0.00 ms.
Invoked RoslynAnalysisRunner static constructor.
RoslynAnalysisRunner will not be running.
RoslynAnalysisRunner has terminated.
Mono: successfully reloaded assembly
- Completed reload, in  0.784 seconds
Platform modules already initialized, skipping
Refreshing native plugins compatible for Editor in 0.34 ms, found 1 plugins.
Preloading 0 native plugins for Editor in 0.00 ms.
Unloading 1788 Unused Serialized files (Serialized files now loaded: 0)
System memory in use before: 85.1 MB.
System memory in use after: 85.1 MB.

Unloading 12 unused Assets to reduce memory usage. Loaded Objects now: 2276.
Total: 2.090900 ms (FindLiveObjects: 0.181800 ms CreateObjectMapping: 0.062400 ms MarkObjects: 1.745300 ms  DeleteObjects: 0.100500 ms)

========================================================================
Received Import Request.
  Time since last request: 89.033125 seconds.
  path: Assets/2D Doodle Jump/Scripts/Jumping.cs
  artifactKey: Guid(a0512a56f6883c44d9fda35a54d8c4bb) Importer(815301076,1909f56bfc062723c751e8b465ee728b)
Start importing Assets/2D Doodle Jump/Scripts/Jumping.cs using Guid(a0512a56f6883c44d9fda35a54d8c4bb) Importer(815301076,1909f56bfc062723c751e8b465ee728b)  -> (artifact id: '1cac1eb773e94f89e028c36033e01735') in 0.012918 seconds
  Import took 0.018521 seconds .

========================================================================
Received Prepare
Registering precompiled user dll's ...
Registered in 0.000817 seconds.
Begin MonoManager ReloadAssembly
Native extension for WindowsStandalone target not found
Refreshing native plugins compatible for Editor in 0.31 ms, found 1 plugins.
Preloading 0 native plugins for Editor in 0.00 ms.
Invoked RoslynAnalysisRunner static constructor.
RoslynAnalysisRunner will not be running.
RoslynAnalysisRunner has terminated.
Mono: successfully reloaded assembly
- Completed reload, in  0.780 seconds
Platform modules already initialized, skipping
Refreshing native plugins compatible for Editor in 0.48 ms, found 1 plugins.
Preloading 0 native plugins for Editor in 0.00 ms.
Unloading 1788 Unused Serialized files (Serialized files now loaded: 0)
System memory in use before: 85.1 MB.
System memory in use after: 85.1 MB.

Unloading 12 unused Assets to reduce memory usage. Loaded Objects now: 2279.
Total: 1.840300 ms (FindLiveObjects: 0.173500 ms CreateObjectMapping: 0.061300 ms MarkObjects: 1.466300 ms  DeleteObjects: 0.138500 ms)

========================================================================
Received Import Request.
  Time since last request: 36.850466 seconds.
  path: Assets/2D Doodle Jump/Scripts/Jumping.cs
  artifactKey: Guid(a0512a56f6883c44d9fda35a54d8c4bb) Importer(815301076,1909f56bfc062723c751e8b465ee728b)
Start importing Assets/2D Doodle Jump/Scripts/Jumping.cs using Guid(a0512a56f6883c44d9fda35a54d8c4bb) Importer(815301076,1909f56bfc062723c751e8b465ee728b)  -> (artifact id: 'ba0c66f2a660fb71058861a3f448cf6c') in 0.007232 seconds
  Import took 0.010378 seconds .

========================================================================
Received Import Request.
  Time since last request: 0.025457 seconds.
  path: Assets/2D Doodle Jump/Scripts/Jumping.cs
  artifactKey: Guid(a0512a56f6883c44d9fda35a54d8c4bb) Importer(815301076,1909f56bfc062723c751e8b465ee728b)
Start importing Assets/2D Doodle Jump/Scripts/Jumping.cs using Guid(a0512a56f6883c44d9fda35a54d8c4bb) Importer(815301076,1909f56bfc062723c751e8b465ee728b)  -> (artifact id: 'ba0c66f2a660fb71058861a3f448cf6c') in 0.002491 seconds
  Import took 0.006588 seconds .

========================================================================
Received Prepare
Registering precompiled user dll's ...
Registered in 0.000776 seconds.
Begin MonoManager ReloadAssembly
Native extension for WindowsStandalone target not found
Refreshing native plugins compatible for Editor in 0.31 ms, found 1 plugins.
Preloading 0 native plugins for Editor in 0.00 ms.
Invoked RoslynAnalysisRunner static constructor.
RoslynAnalysisRunner will not be running.
RoslynAnalysisRunner has terminated.
Mono: successfully reloaded assembly
- Completed reload, in  0.783 seconds
Platform modules already initialized, skipping
Refreshing native plugins compatible for Editor in 0.35 ms, found 1 plugins.
Preloading 0 native plugins for Editor in 0.00 ms.
Unloading 1788 Unused Serialized files (Serialized files now loaded: 0)
System memory in use before: 85.2 MB.
System memory in use after: 85.2 MB.

Unloading 12 unused Assets to reduce memory usage. Loaded Objects now: 2282.
Total: 1.931400 ms (FindLiveObjects: 0.175500 ms CreateObjectMapping: 0.065200 ms MarkObjects: 1.590200 ms  DeleteObjects: 0.099800 ms)

========================================================================
Received Prepare
Registering precompiled user dll's ...
Registered in 0.000813 seconds.
Begin MonoManager ReloadAssembly
Native extension for WindowsStandalone target not found
Refreshing native plugins compatible for Editor in 0.32 ms, found 1 plugins.
Preloading 0 native plugins for Editor in 0.00 ms.
Invoked RoslynAnalysisRunner static constructor.
RoslynAnalysisRunner will not be running.
RoslynAnalysisRunner has terminated.
Mono: successfully reloaded assembly
- Completed reload, in  0.863 seconds
Platform modules already initialized, skipping
Refreshing native plugins compatible for Editor in 0.35 ms, found 1 plugins.
Preloading 0 native plugins for Editor in 0.00 ms.
Unloading 1788 Unused Serialized files (Serialized files now loaded: 0)
System memory in use before: 85.2 MB.
System memory in use after: 85.2 MB.

Unloading 12 unused Assets to reduce memory usage. Loaded Objects now: 2285.
Total: 2.294300 ms (FindLiveObjects: 0.190100 ms CreateObjectMapping: 0.068200 ms MarkObjects: 1.935700 ms  DeleteObjects: 0.099400 ms)

========================================================================
Received Prepare
Registering precompiled user dll's ...
Registered in 0.001328 seconds.
Begin MonoManager ReloadAssembly
Native extension for WindowsStandalone target not found
Refreshing native plugins compatible for Editor in 0.38 ms, found 1 plugins.
Preloading 0 native plugins for Editor in 0.00 ms.
Invoked RoslynAnalysisRunner static constructor.
RoslynAnalysisRunner will not be running.
RoslynAnalysisRunner has terminated.
Mono: successfully reloaded assembly
- Completed reload, in  1.039 seconds
Platform modules already initialized, skipping
Refreshing native plugins compatible for Editor in 0.76 ms, found 1 plugins.
Preloading 0 native plugins for Editor in 0.00 ms.
Unloading 1788 Unused Serialized files (Serialized files now loaded: 0)
System memory in use before: 85.3 MB.
System memory in use after: 85.3 MB.

Unloading 12 unused Assets to reduce memory usage. Loaded Objects now: 2288.
Total: 2.621400 ms (FindLiveObjects: 0.228400 ms CreateObjectMapping: 0.106100 ms MarkObjects: 2.165100 ms  DeleteObjects: 0.120200 ms)

========================================================================
Received Import Request.
  Time since last request: 480.032077 seconds.
  path: Assets/2D Doodle Jump/Scripts/Jumping.cs
  artifactKey: Guid(a0512a56f6883c44d9fda35a54d8c4bb) Importer(815301076,1909f56bfc062723c751e8b465ee728b)
Start importing Assets/2D Doodle Jump/Scripts/Jumping.cs using Guid(a0512a56f6883c44d9fda35a54d8c4bb) Importer(815301076,1909f56bfc062723c751e8b465ee728b)  -> (artifact id: '6149f25bccdcea62e70ff9fb0822a70b') in 0.007143 seconds
  Import took 0.010415 seconds .

========================================================================
Received Import Request.
  Time since last request: 0.027931 seconds.
  path: Assets/2D Doodle Jump/Scripts/Jumping.cs
  artifactKey: Guid(a0512a56f6883c44d9fda35a54d8c4bb) Importer(815301076,1909f56bfc062723c751e8b465ee728b)
Start importing Assets/2D Doodle Jump/Scripts/Jumping.cs using Guid(a0512a56f6883c44d9fda35a54d8c4bb) Importer(815301076,1909f56bfc062723c751e8b465ee728b)  -> (artifact id: '6149f25bccdcea62e70ff9fb0822a70b') in 0.002510 seconds
  Import took 0.007032 seconds .

========================================================================
Received Prepare
Registering precompiled user dll's ...
Registered in 0.000864 seconds.
Begin MonoManager ReloadAssembly
Native extension for WindowsStandalone target not found
Refreshing native plugins compatible for Editor in 0.32 ms, found 1 plugins.
Preloading 0 native plugins for Editor in 0.00 ms.
Invoked RoslynAnalysisRunner static constructor.
RoslynAnalysisRunner will not be running.
RoslynAnalysisRunner has terminated.
Mono: successfully reloaded assembly
- Completed reload, in  0.782 seconds
Platform modules already initialized, skipping
Refreshing native plugins compatible for Editor in 0.62 ms, found 1 plugins.
Preloading 0 native plugins for Editor in 0.00 ms.
Unloading 1788 Unused Serialized files (Serialized files now loaded: 0)
System memory in use before: 85.4 MB.
System memory in use after: 85.4 MB.

Unloading 12 unused Assets to reduce memory usage. Loaded Objects now: 2291.
Total: 2.136300 ms (FindLiveObjects: 0.235300 ms CreateObjectMapping: 0.065400 ms MarkObjects: 1.736300 ms  DeleteObjects: 0.098200 ms)

========================================================================
Received Import Request.
  Time since last request: 50.394729 seconds.
  path: Assets/2D Doodle Jump/Scripts/Jumping.cs
  artifactKey: Guid(a0512a56f6883c44d9fda35a54d8c4bb) Importer(815301076,1909f56bfc062723c751e8b465ee728b)
Start importing Assets/2D Doodle Jump/Scripts/Jumping.cs using Guid(a0512a56f6883c44d9fda35a54d8c4bb) Importer(815301076,1909f56bfc062723c751e8b465ee728b)  -> (artifact id: '751a718bfe215279f68dc3f4c749e924') in 0.004578 seconds
  Import took 0.007528 seconds .

========================================================================
Received Import Request.
  Time since last request: 0.027661 seconds.
  path: Assets/2D Doodle Jump/Scripts/Jumping.cs
  artifactKey: Guid(a0512a56f6883c44d9fda35a54d8c4bb) Importer(815301076,1909f56bfc062723c751e8b465ee728b)
Start importing Assets/2D Doodle Jump/Scripts/Jumping.cs using Guid(a0512a56f6883c44d9fda35a54d8c4bb) Importer(815301076,1909f56bfc062723c751e8b465ee728b)  -> (artifact id: '751a718bfe215279f68dc3f4c749e924') in 0.002391 seconds
  Import took 0.005970 seconds .

========================================================================
Received Prepare
Registering precompiled user dll's ...
Registered in 0.000815 seconds.
Begin MonoManager ReloadAssembly
Native extension for WindowsStandalone target not found
Refreshing native plugins compatible for Editor in 0.32 ms, found 1 plugins.
Preloading 0 native plugins for Editor in 0.00 ms.
Invoked RoslynAnalysisRunner static constructor.
RoslynAnalysisRunner will not be running.
RoslynAnalysisRunner has terminated.
Mono: successfully reloaded assembly
- Completed reload, in  0.813 seconds
Platform modules already initialized, skipping
Refreshing native plugins compatible for Editor in 0.53 ms, found 1 plugins.
Preloading 0 native plugins for Editor in 0.00 ms.
Unloading 1788 Unused Serialized files (Serialized files now loaded: 0)
System memory in use before: 85.5 MB.
System memory in use after: 85.5 MB.

Unloading 12 unused Assets to reduce memory usage. Loaded Objects now: 2294.
Total: 2.100000 ms (FindLiveObjects: 0.293400 ms CreateObjectMapping: 0.070300 ms MarkObjects: 1.597100 ms  DeleteObjects: 0.137700 ms)

========================================================================
Received Import Request.
  Time since last request: 606.956820 seconds.
  path: Assets/2D Doodle Jump/Scripts/JumpAndMove.cs
  artifactKey: Guid(a0512a56f6883c44d9fda35a54d8c4bb) Importer(815301076,1909f56bfc062723c751e8b465ee728b)
Start importing Assets/2D Doodle Jump/Scripts/JumpAndMove.cs using Guid(a0512a56f6883c44d9fda35a54d8c4bb) Importer(815301076,1909f56bfc062723c751e8b465ee728b)  -> (artifact id: '5082131890bebd809065a80baa0e4724') in 0.012306 seconds
  Import took 0.015588 seconds .

========================================================================
Received Import Request.
  Time since last request: 0.001994 seconds.
  path: Assets/2D Doodle Jump/Scripts/JumpAndMove.cs
  artifactKey: Guid(a0512a56f6883c44d9fda35a54d8c4bb) Importer(815301076,1909f56bfc062723c751e8b465ee728b)
Start importing Assets/2D Doodle Jump/Scripts/JumpAndMove.cs using Guid(a0512a56f6883c44d9fda35a54d8c4bb) Importer(815301076,1909f56bfc062723c751e8b465ee728b)  -> (artifact id: '5082131890bebd809065a80baa0e4724') in 0.002314 seconds
  Import took 0.005961 seconds .

========================================================================
Received Prepare
Registering precompiled user dll's ...
Registered in 0.000794 seconds.
Begin MonoManager ReloadAssembly
Native extension for WindowsStandalone target not found
Refreshing native plugins compatible for Editor in 0.33 ms, found 1 plugins.
Preloading 0 native plugins for Editor in 0.00 ms.
Invoked RoslynAnalysisRunner static constructor.
RoslynAnalysisRunner will not be running.
RoslynAnalysisRunner has terminated.
Mono: successfully reloaded assembly
- Completed reload, in  0.847 seconds
Platform modules already initialized, skipping
Refreshing native plugins compatible for Editor in 0.64 ms, found 1 plugins.
Preloading 0 native plugins for Editor in 0.00 ms.
Unloading 1789 Unused Serialized files (Serialized files now loaded: 0)
System memory in use before: 85.5 MB.
System memory in use after: 85.5 MB.

Unloading 12 unused Assets to reduce memory usage. Loaded Objects now: 2298.
Total: 2.637900 ms (FindLiveObjects: 0.189400 ms CreateObjectMapping: 0.065500 ms MarkObjects: 2.283400 ms  DeleteObjects: 0.098700 ms)

========================================================================
Received Prepare
Registering precompiled user dll's ...
Registered in 0.000773 seconds.
Begin MonoManager ReloadAssembly
Native extension for WindowsStandalone target not found
Refreshing native plugins compatible for Editor in 0.32 ms, found 1 plugins.
Preloading 0 native plugins for Editor in 0.00 ms.
Invoked RoslynAnalysisRunner static constructor.
RoslynAnalysisRunner will not be running.
RoslynAnalysisRunner has terminated.
Mono: successfully reloaded assembly
- Completed reload, in  0.804 seconds
Platform modules already initialized, skipping
Refreshing native plugins compatible for Editor in 0.36 ms, found 1 plugins.
Preloading 0 native plugins for Editor in 0.00 ms.
Unloading 1789 Unused Serialized files (Serialized files now loaded: 0)
System memory in use before: 85.6 MB.
System memory in use after: 85.6 MB.

Unloading 12 unused Assets to reduce memory usage. Loaded Objects now: 2301.
Total: 2.321400 ms (FindLiveObjects: 0.311600 ms CreateObjectMapping: 0.104800 ms MarkObjects: 1.760200 ms  DeleteObjects: 0.143700 ms)

========================================================================
Received Prepare
Registering precompiled user dll's ...
Registered in 0.000902 seconds.
Begin MonoManager ReloadAssembly
Native extension for WindowsStandalone target not found
Refreshing native plugins compatible for Editor in 0.31 ms, found 1 plugins.
Preloading 0 native plugins for Editor in 0.00 ms.
Invoked RoslynAnalysisRunner static constructor.
RoslynAnalysisRunner will not be running.
RoslynAnalysisRunner has terminated.
Mono: successfully reloaded assembly
- Completed reload, in  0.799 seconds
Platform modules already initialized, skipping
Refreshing native plugins compatible for Editor in 0.34 ms, found 1 plugins.
Preloading 0 native plugins for Editor in 0.00 ms.
Unloading 1789 Unused Serialized files (Serialized files now loaded: 0)
System memory in use before: 85.7 MB.
System memory in use after: 85.7 MB.

Unloading 12 unused Assets to reduce memory usage. Loaded Objects now: 2304.
Total: 2.148300 ms (FindLiveObjects: 0.216100 ms CreateObjectMapping: 0.072500 ms MarkObjects: 1.724500 ms  DeleteObjects: 0.134400 ms)

========================================================================
Received Prepare
Registering precompiled user dll's ...
Registered in 0.000856 seconds.
Begin MonoManager ReloadAssembly
Native extension for WindowsStandalone target not found
Refreshing native plugins compatible for Editor in 0.31 ms, found 1 plugins.
Preloading 0 native plugins for Editor in 0.00 ms.
Invoked RoslynAnalysisRunner static constructor.
RoslynAnalysisRunner will not be running.
RoslynAnalysisRunner has terminated.
Mono: successfully reloaded assembly
- Completed reload, in  0.773 seconds
Platform modules already initialized, skipping
Refreshing native plugins compatible for Editor in 0.33 ms, found 1 plugins.
Preloading 0 native plugins for Editor in 0.00 ms.
Unloading 1789 Unused Serialized files (Serialized files now loaded: 0)
System memory in use before: 85.7 MB.
System memory in use after: 85.7 MB.

Unloading 12 unused Assets to reduce memory usage. Loaded Objects now: 2307.
Total: 2.501700 ms (FindLiveObjects: 0.379600 ms CreateObjectMapping: 0.174000 ms MarkObjects: 1.809900 ms  DeleteObjects: 0.136500 ms)

AssetImportWorkerClient::OnTransportError - code=2 error=End of file
